rm -f lennard-jones.o gifenc.o main.o lj.out
nvcc -Wno-deprecated-gpu-targets -gencode=arch=compute_70,code=sm_70 -O3 -Xcompiler --openmp,-Wall -c -o lennard-jones.o src/lennard-jones.cu
src/lennard-jones.cu: In function ‘double compute_forces(Particle*, unsigned int, double)’:
src/lennard-jones.cu:256:36: warning: comparison of integer expressions of different signedness: ‘int’ and ‘unsigned int’ [-Wsign-compare]
  256 |                     if (dcx == 0 && dcy == 0 && j <= i)
      |                                  ~~^~~~
nvcc -Wno-deprecated-gpu-targets -gencode=arch=compute_70,code=sm_70 -O3 -Xcompiler --openmp,-Wall -c -o gifenc.o src/gifenc.c
nvcc -Wno-deprecated-gpu-targets -gencode=arch=compute_70,code=sm_70 -O3 -Xcompiler --openmp,-Wall -c -o main.o src/main.c
nvcc -Wno-deprecated-gpu-targets -gencode=arch=compute_70,code=sm_70 -O3 -Xcompiler --openmp,-Wall lennard-jones.o gifenc.o main.o -o lj.out -lm
==========================================
Začenjam meritve z 64 nitmi...
Testiram mrežo: 1000 delcev, 5000 korakov
==========================================
--- Zagon 1/5 ---

Finished simulation.
Final KE:   741.8940 | delta: +241.8940
Final PE: -1616.5816 | delta: -241.8878
Final E:   -874.6876 | delta: +0.0062
Simulation time 5000 steps: 18.889 seconds

--> Izmerjen čas za zagon 1:    18.889 s

--- Zagon 2/5 ---

Finished simulation.
Final KE:   741.9400 | delta: +241.9400
Final PE: -1616.6271 | delta: -241.9333
Final E:   -874.6870 | delta: +0.0067
Simulation time 5000 steps: 18.705 seconds

--> Izmerjen čas za zagon 2:    18.705 s

--- Zagon 3/5 ---

Finished simulation.
Final KE:   741.9034 | delta: +241.9034
Final PE: -1616.5976 | delta: -241.9038
Final E:   -874.6942 | delta: -0.0004
Simulation time 5000 steps: 18.253 seconds

--> Izmerjen čas za zagon 3:    18.253 s

--- Zagon 4/5 ---

Finished simulation.
Final KE:   741.4654 | delta: +241.4654
Final PE: -1616.1545 | delta: -241.4607
Final E:   -874.6891 | delta: +0.0047
Simulation time 5000 steps: 18.292 seconds

--> Izmerjen čas za zagon 4:    18.292 s

--- Zagon 5/5 ---

Finished simulation.
Final KE:   741.7616 | delta: +241.7616
Final PE: -1616.4501 | delta: -241.7563
Final E:   -874.6885 | delta: +0.0053
Simulation time 5000 steps: 18.530 seconds

--> Izmerjen čas za zagon 5:    18.530 s

==========================================
  POVPREČJE ZA N=1000 = 18.533800 s
==========================================
Log datoteka je shranjena v: results/lj_cpu_optimized_half_cell/lj_cpu_optimized_half_cell_N1000.log
