rm -f lennard-jones.o gifenc.o main.o lj.out
nvcc -Wno-deprecated-gpu-targets -gencode=arch=compute_70,code=sm_70 -O3 -Xcompiler --openmp,-Wall -c -o lennard-jones.o src/lennard-jones.cu
nvcc -Wno-deprecated-gpu-targets -gencode=arch=compute_70,code=sm_70 -O3 -Xcompiler --openmp,-Wall -c -o gifenc.o src/gifenc.c
nvcc -Wno-deprecated-gpu-targets -gencode=arch=compute_70,code=sm_70 -O3 -Xcompiler --openmp,-Wall -c -o main.o src/main.c
nvcc -Wno-deprecated-gpu-targets -gencode=arch=compute_70,code=sm_70 -O3 -Xcompiler --openmp,-Wall lennard-jones.o gifenc.o main.o -o lj.out -lm
==========================================
Začenjam GPU meritve...
Testiram mrežo: 4000 delcev, 5000 korakov
==========================================
--- Zagon 1/5 ---

Finished simulation.
Final KE:  5081.5457 | delta: +3081.5457
Final PE: -6622.2048 | delta: -3081.7985
Final E:  -1540.6592 | delta: -0.2528
Simulation time 5000 steps: 0.570 seconds

--> Izmerjen čas za zagon 1:     0.570 s

--- Zagon 2/5 ---

Finished simulation.
Final KE:  5100.8717 | delta: +3100.8717
Final PE: -6641.5171 | delta: -3101.1108
Final E:  -1540.6454 | delta: -0.2391
Simulation time 5000 steps: 0.508 seconds

--> Izmerjen čas za zagon 2:     0.508 s

--- Zagon 3/5 ---

Finished simulation.
Final KE:  5089.5329 | delta: +3089.5329
Final PE: -6630.1883 | delta: -3089.7819
Final E:  -1540.6554 | delta: -0.2491
Simulation time 5000 steps: 0.498 seconds

--> Izmerjen čas za zagon 3:     0.498 s

--- Zagon 4/5 ---

Finished simulation.
Final KE:  5072.4876 | delta: +3072.4876
Final PE: -6613.1390 | delta: -3072.7327
Final E:  -1540.6514 | delta: -0.2451
Simulation time 5000 steps: 0.502 seconds

--> Izmerjen čas za zagon 4:     0.502 s

--- Zagon 5/5 ---

Finished simulation.
Final KE:  5085.0786 | delta: +3085.0786
Final PE: -6625.7574 | delta: -3085.3511
Final E:  -1540.6788 | delta: -0.2725
Simulation time 5000 steps: 0.502 seconds

--> Izmerjen čas za zagon 5:     0.502 s

==========================================
  POVPREČJE ZA N=4000 =  0.516000 s
==========================================
Log datoteka je shranjena v: results/gpu-timotej2-512/gpu-timotej2-512_N4000.log
