rm -f lennard-jones.o gifenc.o main.o lj.out
nvcc -Wno-deprecated-gpu-targets -gencode=arch=compute_70,code=sm_70 -O3 -Xcompiler --openmp,-Wall -c -o lennard-jones.o src/lennard-jones.cu
nvcc -Wno-deprecated-gpu-targets -gencode=arch=compute_70,code=sm_70 -O3 -Xcompiler --openmp,-Wall -c -o gifenc.o src/gifenc.c
nvcc -Wno-deprecated-gpu-targets -gencode=arch=compute_70,code=sm_70 -O3 -Xcompiler --openmp,-Wall -c -o main.o src/main.c
nvcc -Wno-deprecated-gpu-targets -gencode=arch=compute_70,code=sm_70 -O3 -Xcompiler --openmp,-Wall lennard-jones.o gifenc.o main.o -o lj.out -lm
==========================================
Začenjam GPU meritve...
Testiram mrežo: 4000 delcev, 5000 korakov
==========================================
--- Zagon 1/5 ---

Finished simulation.
Final KE:  5071.4081 | delta: +3071.4081
Final PE: -6612.0901 | delta: -3071.6838
Final E:  -1540.6820 | delta: -0.2756
Simulation time 5000 steps: 0.571 seconds

--> Izmerjen čas za zagon 1:     0.571 s

--- Zagon 2/5 ---

Finished simulation.
Final KE:  5071.4081 | delta: +3071.4081
Final PE: -6612.0901 | delta: -3071.6838
Final E:  -1540.6820 | delta: -0.2756
Simulation time 5000 steps: 0.566 seconds

--> Izmerjen čas za zagon 2:     0.566 s

--- Zagon 3/5 ---

Finished simulation.
Final KE:  5071.4081 | delta: +3071.4081
Final PE: -6612.0901 | delta: -3071.6838
Final E:  -1540.6820 | delta: -0.2756
Simulation time 5000 steps: 0.574 seconds

--> Izmerjen čas za zagon 3:     0.574 s

--- Zagon 4/5 ---

Finished simulation.
Final KE:  5071.4081 | delta: +3071.4081
Final PE: -6612.0901 | delta: -3071.6838
Final E:  -1540.6820 | delta: -0.2756
Simulation time 5000 steps: 0.569 seconds

--> Izmerjen čas za zagon 4:     0.569 s

--- Zagon 5/5 ---

Finished simulation.
Final KE:  5071.4081 | delta: +3071.4081
Final PE: -6612.0901 | delta: -3071.6838
Final E:  -1540.6820 | delta: -0.2756
Simulation time 5000 steps: 0.572 seconds

--> Izmerjen čas za zagon 5:     0.572 s

==========================================
  POVPREČJE ZA N=4000 =  0.570400 s
==========================================
Log datoteka je shranjena v: results/gpu-timotej1-512/gpu-timotej1-512_N4000.log
