rm -f lennard-jones.o gifenc.o main.o lj.out
nvcc -Wno-deprecated-gpu-targets -gencode=arch=compute_70,code=sm_70 -O3 -Xcompiler --openmp,-Wall -c -o lennard-jones.o src/lennard-jones.cu
nvcc -Wno-deprecated-gpu-targets -gencode=arch=compute_70,code=sm_70 -O3 -Xcompiler --openmp,-Wall -c -o gifenc.o src/gifenc.c
nvcc -Wno-deprecated-gpu-targets -gencode=arch=compute_70,code=sm_70 -O3 -Xcompiler --openmp,-Wall -c -o main.o src/main.c
nvcc -Wno-deprecated-gpu-targets -gencode=arch=compute_70,code=sm_70 -O3 -Xcompiler --openmp,-Wall lennard-jones.o gifenc.o main.o -o lj.out -lm
==========================================
Začenjam GPU meritve...
Testiram mrežo: 4000 delcev, 5000 korakov
==========================================
--- Zagon 1/5 ---

Finished simulation.
Final KE:  5071.4081 | delta: +3071.4081
Final PE: -6612.0901 | delta: -3071.6838
Final E:  -1540.6820 | delta: -0.2756
Simulation time 5000 steps: 0.858 seconds

--> Izmerjen čas za zagon 1:     0.858 s

--- Zagon 2/5 ---

Finished simulation.
Final KE:  5071.4081 | delta: +3071.4081
Final PE: -6612.0901 | delta: -3071.6838
Final E:  -1540.6820 | delta: -0.2756
Simulation time 5000 steps: 0.774 seconds

--> Izmerjen čas za zagon 2:     0.774 s

--- Zagon 3/5 ---

Finished simulation.
Final KE:  5071.4081 | delta: +3071.4081
Final PE: -6612.0901 | delta: -3071.6838
Final E:  -1540.6820 | delta: -0.2756
Simulation time 5000 steps: 0.777 seconds

--> Izmerjen čas za zagon 3:     0.777 s

--- Zagon 4/5 ---

Finished simulation.
Final KE:  5071.4081 | delta: +3071.4081
Final PE: -6612.0901 | delta: -3071.6838
Final E:  -1540.6820 | delta: -0.2756
Simulation time 5000 steps: 0.783 seconds

--> Izmerjen čas za zagon 4:     0.783 s

--- Zagon 5/5 ---

Finished simulation.
Final KE:  5071.4081 | delta: +3071.4081
Final PE: -6612.0901 | delta: -3071.6838
Final E:  -1540.6820 | delta: -0.2756
Simulation time 5000 steps: 0.778 seconds

--> Izmerjen čas za zagon 5:     0.778 s

==========================================
  POVPREČJE ZA N=4000 =  0.794000 s
==========================================
Log datoteka je shranjena v: results/gpu-timotej1-1024/gpu-timotej1-1024_N4000.log
