rm -f lennard-jones.o gifenc.o main.o lj.out
nvcc -Wno-deprecated-gpu-targets -gencode=arch=compute_70,code=sm_70 -O3 -Xcompiler --openmp,-Wall -c -o lennard-jones.o src/lennard-jones.cu
nvcc -Wno-deprecated-gpu-targets -gencode=arch=compute_70,code=sm_70 -O3 -Xcompiler --openmp,-Wall -c -o gifenc.o src/gifenc.c
nvcc -Wno-deprecated-gpu-targets -gencode=arch=compute_70,code=sm_70 -O3 -Xcompiler --openmp,-Wall -c -o main.o src/main.c
nvcc -Wno-deprecated-gpu-targets -gencode=arch=compute_70,code=sm_70 -O3 -Xcompiler --openmp,-Wall lennard-jones.o gifenc.o main.o -o lj.out -lm
==========================================
Začenjam GPU meritve...
Testiram mrežo: 8000 delcev, 5000 korakov
==========================================
--- Zagon 1/5 ---

Finished simulation.
Final KE:  9678.9203 | delta: +5678.9203
Final PE: -14703.7269 | delta: -5679.2437
Final E:  -5024.8066 | delta: -0.3234
Simulation time 5000 steps: 2.342 seconds

--> Izmerjen čas za zagon 1:     2.342 s

--- Zagon 2/5 ---

Finished simulation.
Final KE:  9678.9203 | delta: +5678.9203
Final PE: -14703.7269 | delta: -5679.2437
Final E:  -5024.8066 | delta: -0.3234
Simulation time 5000 steps: 2.305 seconds

--> Izmerjen čas za zagon 2:     2.305 s

--- Zagon 3/5 ---

Finished simulation.
Final KE:  9678.9203 | delta: +5678.9203
Final PE: -14703.7269 | delta: -5679.2437
Final E:  -5024.8066 | delta: -0.3234
Simulation time 5000 steps: 2.305 seconds

--> Izmerjen čas za zagon 3:     2.305 s

--- Zagon 4/5 ---

Finished simulation.
Final KE:  9678.9203 | delta: +5678.9203
Final PE: -14703.7269 | delta: -5679.2437
Final E:  -5024.8066 | delta: -0.3234
Simulation time 5000 steps: 2.304 seconds

--> Izmerjen čas za zagon 4:     2.304 s

--- Zagon 5/5 ---

Finished simulation.
Final KE:  9678.9203 | delta: +5678.9203
Final PE: -14703.7269 | delta: -5679.2437
Final E:  -5024.8066 | delta: -0.3234
Simulation time 5000 steps: 2.310 seconds

--> Izmerjen čas za zagon 5:     2.310 s

==========================================
  POVPREČJE ZA N=8000 =  2.313200 s
==========================================
Log datoteka je shranjena v: results/gpu-timotej1-1024/gpu-timotej1-1024_N8000.log
