rm -f lennard-jones.o gifenc.o main.o lj.out
nvcc -Wno-deprecated-gpu-targets -gencode=arch=compute_70,code=sm_70 -O3 -Xcompiler --openmp,-Wall -c -o lennard-jones.o src/lennard-jones.cu
nvcc -Wno-deprecated-gpu-targets -gencode=arch=compute_70,code=sm_70 -O3 -Xcompiler --openmp,-Wall -c -o gifenc.o src/gifenc.c
nvcc -Wno-deprecated-gpu-targets -gencode=arch=compute_70,code=sm_70 -O3 -Xcompiler --openmp,-Wall -c -o main.o src/main.c
nvcc -Wno-deprecated-gpu-targets -gencode=arch=compute_70,code=sm_70 -O3 -Xcompiler --openmp,-Wall lennard-jones.o gifenc.o main.o -o lj.out -lm
==========================================
Začenjam GPU meritve...
Testiram mrežo: 4000 delcev, 5000 korakov
==========================================
--- Zagon 1/5 ---

Finished simulation.
Final KE:  5073.5073 | delta: +3073.5073
Final PE: -6614.1724 | delta: -3073.7661
Final E:  -1540.6651 | delta: -0.2587
Simulation time 5000 steps: 0.541 seconds

--> Izmerjen čas za zagon 1:     0.541 s

--- Zagon 2/5 ---

Finished simulation.
Final KE:  5073.5073 | delta: +3073.5073
Final PE: -6614.1724 | delta: -3073.7661
Final E:  -1540.6651 | delta: -0.2587
Simulation time 5000 steps: 0.514 seconds

--> Izmerjen čas za zagon 2:     0.514 s

--- Zagon 3/5 ---

Finished simulation.
Final KE:  5073.5073 | delta: +3073.5073
Final PE: -6614.1724 | delta: -3073.7661
Final E:  -1540.6651 | delta: -0.2587
Simulation time 5000 steps: 0.513 seconds

--> Izmerjen čas za zagon 3:     0.513 s

--- Zagon 4/5 ---

Finished simulation.
Final KE:  5073.5073 | delta: +3073.5073
Final PE: -6614.1724 | delta: -3073.7661
Final E:  -1540.6651 | delta: -0.2587
Simulation time 5000 steps: 0.513 seconds

--> Izmerjen čas za zagon 4:     0.513 s

--- Zagon 5/5 ---

Finished simulation.
Final KE:  5073.5073 | delta: +3073.5073
Final PE: -6614.1724 | delta: -3073.7661
Final E:  -1540.6651 | delta: -0.2587
Simulation time 5000 steps: 0.513 seconds

--> Izmerjen čas za zagon 5:     0.513 s

==========================================
  POVPREČJE ZA N=4000 =  0.518800 s
==========================================
Log datoteka je shranjena v: results/gpu-timotej1-32/gpu-timotej1-32_N4000.log
