rm -f lennard-jones.o gifenc.o main.o lj.out
nvcc -Wno-deprecated-gpu-targets -gencode=arch=compute_70,code=sm_70 -O3 -Xcompiler --openmp,-Wall -c -o lennard-jones.o src/lennard-jones.cu
nvcc -Wno-deprecated-gpu-targets -gencode=arch=compute_70,code=sm_70 -O3 -Xcompiler --openmp,-Wall -c -o gifenc.o src/gifenc.c
nvcc -Wno-deprecated-gpu-targets -gencode=arch=compute_70,code=sm_70 -O3 -Xcompiler --openmp,-Wall -c -o main.o src/main.c
nvcc -Wno-deprecated-gpu-targets -gencode=arch=compute_70,code=sm_70 -O3 -Xcompiler --openmp,-Wall lennard-jones.o gifenc.o main.o -o lj.out -lm
==========================================
Začenjam meritve z 64 nitmi...
Testiram mrežo: 4000 delcev, 5000 korakov
==========================================
--- Zagon 1/5 ---

Finished simulation.
Final KE:  5107.2252 | delta: +3107.2252
Final PE: -6647.9013 | delta: -3107.4949
Final E:  -1540.6760 | delta: -0.2697
Simulation time 5000 steps: 1.662 seconds

--> Izmerjen čas za zagon 1:     1.662 s

--- Zagon 2/5 ---

Finished simulation.
Final KE:  5095.3922 | delta: +3095.3922
Final PE: -6636.0522 | delta: -3095.6458
Final E:  -1540.6600 | delta: -0.2536
Simulation time 5000 steps: 1.634 seconds

--> Izmerjen čas za zagon 2:     1.634 s

--- Zagon 3/5 ---

Finished simulation.
Final KE:  5112.2943 | delta: +3112.2943
Final PE: -6652.9663 | delta: -3112.5600
Final E:  -1540.6720 | delta: -0.2657
Simulation time 5000 steps: 1.617 seconds

--> Izmerjen čas za zagon 3:     1.617 s

--- Zagon 4/5 ---

Finished simulation.
Final KE:  5086.8347 | delta: +3086.8347
Final PE: -6627.5073 | delta: -3087.1010
Final E:  -1540.6727 | delta: -0.2663
Simulation time 5000 steps: 1.698 seconds

--> Izmerjen čas za zagon 4:     1.698 s

--- Zagon 5/5 ---

Finished simulation.
Final KE:  5074.0711 | delta: +3074.0711
Final PE: -6614.7356 | delta: -3074.3293
Final E:  -1540.6645 | delta: -0.2582
Simulation time 5000 steps: 1.638 seconds

--> Izmerjen čas za zagon 5:     1.638 s

==========================================
  POVPREČJE ZA N=4000 =  1.649800 s
==========================================
Log datoteka je shranjena v: results/lj_cpu_optimized1_newton/lj_cpu_optimized1_newton_N4000.log
