rm -f lennard-jones.o gifenc.o main.o lj.out
nvcc -Wno-deprecated-gpu-targets -gencode=arch=compute_70,code=sm_70 -O3 -Xcompiler --openmp,-Wall -c -o lennard-jones.o src/lennard-jones.cu
nvcc -Wno-deprecated-gpu-targets -gencode=arch=compute_70,code=sm_70 -O3 -Xcompiler --openmp,-Wall -c -o gifenc.o src/gifenc.c
nvcc -Wno-deprecated-gpu-targets -gencode=arch=compute_70,code=sm_70 -O3 -Xcompiler --openmp,-Wall -c -o main.o src/main.c
nvcc -Wno-deprecated-gpu-targets -gencode=arch=compute_70,code=sm_70 -O3 -Xcompiler --openmp,-Wall lennard-jones.o gifenc.o main.o -o lj.out -lm
==========================================
Začenjam GPU meritve...
Testiram mrežo: 1000 delcev, 5000 korakov
==========================================
--- Zagon 1/1 ---

Finished simulation.
Final KE:   741.0590 | delta: +241.0590
Final PE: -1615.7490 | delta: -241.0552
Final E:   -874.6900 | delta: +0.0037
Simulation time 5000 steps: 31.782 seconds

--> Izmerjen čas za zagon 1:    31.782 s

==========================================
  POVPREČJE ZA N=1000 = 31.782000 s
==========================================
Log datoteka je shranjena v: results/lj_temp_gif/lj_temp_gif_N1000.log
