rm -f lennard-jones.o gifenc.o main.o lj.out
nvcc -Wno-deprecated-gpu-targets -gencode=arch=compute_70,code=sm_70 -O3 -Xcompiler --openmp,-Wall -c -o lennard-jones.o src/lennard-jones.cu
nvcc -Wno-deprecated-gpu-targets -gencode=arch=compute_70,code=sm_70 -O3 -Xcompiler --openmp,-Wall -c -o gifenc.o src/gifenc.c
nvcc -Wno-deprecated-gpu-targets -gencode=arch=compute_70,code=sm_70 -O3 -Xcompiler --openmp,-Wall -c -o main.o src/main.c
nvcc -Wno-deprecated-gpu-targets -gencode=arch=compute_70,code=sm_70 -O3 -Xcompiler --openmp,-Wall lennard-jones.o gifenc.o main.o -o lj.out -lm
==========================================
Začenjam meritve z 64 nitmi...
Testiram mrežo: 8000 delcev, 5000 korakov
==========================================
--- Zagon 1/5 ---

Finished simulation.
Final KE:  9679.6797 | delta: +5679.6797
Final PE: -14704.4778 | delta: -5679.9947
Final E:  -5024.7982 | delta: -0.3150
Simulation time 5000 steps: 1.497 seconds

--> Izmerjen čas za zagon 1:     1.497 s

--- Zagon 2/5 ---

Finished simulation.
Final KE:  9679.6797 | delta: +5679.6797
Final PE: -14704.4778 | delta: -5679.9947
Final E:  -5024.7982 | delta: -0.3150
Simulation time 5000 steps: 1.491 seconds

--> Izmerjen čas za zagon 2:     1.491 s

--- Zagon 3/5 ---

Finished simulation.
Final KE:  9679.6797 | delta: +5679.6797
Final PE: -14704.4778 | delta: -5679.9947
Final E:  -5024.7982 | delta: -0.3150
Simulation time 5000 steps: 1.486 seconds

--> Izmerjen čas za zagon 3:     1.486 s

--- Zagon 4/5 ---

Finished simulation.
Final KE:  9679.6797 | delta: +5679.6797
Final PE: -14704.4778 | delta: -5679.9947
Final E:  -5024.7982 | delta: -0.3150
Simulation time 5000 steps: 1.498 seconds

--> Izmerjen čas za zagon 4:     1.498 s

--- Zagon 5/5 ---

Finished simulation.
Final KE:  9679.6797 | delta: +5679.6797
Final PE: -14704.4778 | delta: -5679.9947
Final E:  -5024.7982 | delta: -0.3150
Simulation time 5000 steps: 1.453 seconds

--> Izmerjen čas za zagon 5:     1.453 s

==========================================
  POVPREČJE ZA N=8000 =  1.485000 s
==========================================
Log datoteka je shranjena v: results/lj_cpu_optimized_static_red/lj_cpu_optimized_static_red_N8000.log
