rm -f lennard-jones.o gifenc.o main.o lj.out
nvcc -Wno-deprecated-gpu-targets -gencode=arch=compute_70,code=sm_70 -O3 -Xcompiler --openmp,-Wall -c -o lennard-jones.o src/lennard-jones.cu
nvcc -Wno-deprecated-gpu-targets -gencode=arch=compute_70,code=sm_70 -O3 -Xcompiler --openmp,-Wall -c -o gifenc.o src/gifenc.c
nvcc -Wno-deprecated-gpu-targets -gencode=arch=compute_70,code=sm_70 -O3 -Xcompiler --openmp,-Wall -c -o main.o src/main.c
nvcc -Wno-deprecated-gpu-targets -gencode=arch=compute_70,code=sm_70 -O3 -Xcompiler --openmp,-Wall lennard-jones.o gifenc.o main.o -o lj.out -lm
==========================================
Začenjam meritve z 64 nitmi...
Testiram mrežo: 4000 delcev, 5000 korakov
==========================================
--- Zagon 1/5 ---

Finished simulation.
Final KE:  5078.2207 | delta: +3078.2207
Final PE: -6618.8687 | delta: -3078.4624
Final E:  -1540.6480 | delta: -0.2416
Simulation time 5000 steps: 1.081 seconds

--> Izmerjen čas za zagon 1:     1.081 s

--- Zagon 2/5 ---

Finished simulation.
Final KE:  5078.2207 | delta: +3078.2207
Final PE: -6618.8687 | delta: -3078.4624
Final E:  -1540.6480 | delta: -0.2416
Simulation time 5000 steps: 1.104 seconds

--> Izmerjen čas za zagon 2:     1.104 s

--- Zagon 3/5 ---

Finished simulation.
Final KE:  5078.2207 | delta: +3078.2207
Final PE: -6618.8687 | delta: -3078.4624
Final E:  -1540.6480 | delta: -0.2416
Simulation time 5000 steps: 1.071 seconds

--> Izmerjen čas za zagon 3:     1.071 s

--- Zagon 4/5 ---

Finished simulation.
Final KE:  5078.2207 | delta: +3078.2207
Final PE: -6618.8687 | delta: -3078.4624
Final E:  -1540.6480 | delta: -0.2416
Simulation time 5000 steps: 1.072 seconds

--> Izmerjen čas za zagon 4:     1.072 s

--- Zagon 5/5 ---

Finished simulation.
Final KE:  5078.2207 | delta: +3078.2207
Final PE: -6618.8687 | delta: -3078.4624
Final E:  -1540.6480 | delta: -0.2416
Simulation time 5000 steps: 1.075 seconds

--> Izmerjen čas za zagon 5:     1.075 s

==========================================
  POVPREČJE ZA N=4000 =  1.080600 s
==========================================
Log datoteka je shranjena v: results/lj_cpu_optimized_static_red/lj_cpu_optimized_static_red_N4000.log
