rm -f lennard-jones.o gifenc.o main.o lj.out
nvcc -Wno-deprecated-gpu-targets -gencode=arch=compute_70,code=sm_70 -O3 -Xcompiler --openmp,-Wall -c -o lennard-jones.o src/lennard-jones.cu
nvcc -Wno-deprecated-gpu-targets -gencode=arch=compute_70,code=sm_70 -O3 -Xcompiler --openmp,-Wall -c -o gifenc.o src/gifenc.c
nvcc -Wno-deprecated-gpu-targets -gencode=arch=compute_70,code=sm_70 -O3 -Xcompiler --openmp,-Wall -c -o main.o src/main.c
nvcc -Wno-deprecated-gpu-targets -gencode=arch=compute_70,code=sm_70 -O3 -Xcompiler --openmp,-Wall lennard-jones.o gifenc.o main.o -o lj.out -lm
==========================================
Začenjam GPU meritve...
Testiram mrežo: 4000 delcev, 5000 korakov
==========================================
--- Zagon 1/5 ---

Finished simulation.
Final KE:  5074.9983 | delta: +3074.9983
Final PE: -6615.6728 | delta: -3075.2664
Final E:  -1540.6744 | delta: -0.2681
Simulation time 5000 steps: 0.584 seconds

--> Izmerjen čas za zagon 1:     0.584 s

--- Zagon 2/5 ---

Finished simulation.
Final KE:  5074.9983 | delta: +3074.9983
Final PE: -6615.6728 | delta: -3075.2664
Final E:  -1540.6744 | delta: -0.2681
Simulation time 5000 steps: 0.516 seconds

--> Izmerjen čas za zagon 2:     0.516 s

--- Zagon 3/5 ---

Finished simulation.
Final KE:  5074.9983 | delta: +3074.9983
Final PE: -6615.6728 | delta: -3075.2664
Final E:  -1540.6744 | delta: -0.2681
Simulation time 5000 steps: 0.516 seconds

--> Izmerjen čas za zagon 3:     0.516 s

--- Zagon 4/5 ---

Finished simulation.
Final KE:  5074.9983 | delta: +3074.9983
Final PE: -6615.6728 | delta: -3075.2664
Final E:  -1540.6744 | delta: -0.2681
Simulation time 5000 steps: 0.512 seconds

--> Izmerjen čas za zagon 4:     0.512 s

--- Zagon 5/5 ---

Finished simulation.
Final KE:  5074.9983 | delta: +3074.9983
Final PE: -6615.6728 | delta: -3075.2664
Final E:  -1540.6744 | delta: -0.2681
Simulation time 5000 steps: 0.519 seconds

--> Izmerjen čas za zagon 5:     0.519 s

==========================================
  POVPREČJE ZA N=4000 =  0.529400 s
==========================================
Log datoteka je shranjena v: results/gpu-timotej1-256/gpu-timotej1-256_N4000.log
